<?xml version="1.0" encoding="UTF-8"?>
<!-- Generated by org.testng.reporters.JUnitXMLReporter -->
<testsuite ignored="0" hostname="TYSS-Akshay" failures="0" tests="5" name="Test" time="0.139" errors="0" timestamp="2022-09-02T17:42:56 IST">
  <testcase classname="Demo.Demo1test" name="demo" time="0.019"/>
  <testcase classname="Demo.Demo5test" name="demo5" time="0.004"/>
  <testcase classname="Demo.Demo4test" name="demo4" time="0.003"/>
  <testcase classname="Demo.Demo3test" name="demo3" time="0.002"/>
  <testcase classname="Demo.Demo2test" name="demo2" time="0.002"/>
</testsuite> <!-- Test -->
