<?xml version="1.0" encoding="UTF-8"?>
<!-- Generated by org.testng.reporters.JUnitXMLReporter -->
<testsuite ignored="0" hostname="TYSS-Akshay" failures="0" tests="4" name="Test" time="0.049" errors="0" timestamp="2022-08-30T15:27:17 IST">
  <testcase classname="Demo.Demo1" name="demo" time="0.005"/>
  <testcase classname="Demo.Demo2" name="demo2" time="0.006"/>
  <testcase classname="Demo.Demo3" name="demo3" time="0.001"/>
  <testcase classname="Demo.Demo4" name="demo4" time="0.001"/>
</testsuite> <!-- Test -->
