<?xml version="1.0" encoding="UTF-8"?>
<testng-results ignored="0" total="2" passed="2" failed="0" skipped="0">
  <reporter-output>
  </reporter-output>
  <suite started-at="2022-09-05T10:53:45 IST" name="Suite" finished-at="2022-09-05T10:53:45 IST" duration-ms="52">
    <groups>
      <group name="SmokeSuite">
        <method signature="Demo1test.demo()[pri:0, instance:Demo.Demo1test@31fa1761]" name="demo" class="Demo.Demo1test"/>
        <method signature="Demo2test.demo2()[pri:0, instance:Demo.Demo2test@4659191b]" name="demo2" class="Demo.Demo2test"/>
      </group> <!-- SmokeSuite -->
    </groups>
    <test started-at="2022-09-05T10:53:45 IST" name="Test" finished-at="2022-09-05T10:53:45 IST" duration-ms="52">
      <class name="Demo.Demo2test">
        <test-method signature="demo2()[pri:0, instance:Demo.Demo2test@4659191b]" started-at="2022-09-05T10:53:45 IST" name="demo2" finished-at="2022-09-05T10:53:45 IST" duration-ms="1" status="PASS">
          <reporter-output>
          </reporter-output>
        </test-method> <!-- demo2 -->
      </class> <!-- Demo.Demo2test -->
      <class name="Demo.Demo1test">
        <test-method signature="demo()[pri:0, instance:Demo.Demo1test@31fa1761]" started-at="2022-09-05T10:53:45 IST" name="demo" finished-at="2022-09-05T10:53:45 IST" duration-ms="12" status="PASS">
          <reporter-output>
          </reporter-output>
        </test-method> <!-- demo -->
      </class> <!-- Demo.Demo1test -->
    </test> <!-- Test -->
  </suite> <!-- Suite -->
</testng-results>
