<?xml version="1.0" encoding="UTF-8"?>
<testng-results ignored="0" total="4" passed="4" failed="0" skipped="0">
  <reporter-output>
  </reporter-output>
  <suite started-at="2022-08-30T15:27:17 IST" name="Suite" finished-at="2022-08-30T15:27:17 IST" duration-ms="49">
    <groups>
    </groups>
    <test started-at="2022-08-30T15:27:17 IST" name="Test" finished-at="2022-08-30T15:27:17 IST" duration-ms="49">
      <class name="Demo.Demo1">
        <test-method signature="demo()[pri:0, instance:Demo.Demo1@47faa49c]" started-at="2022-08-30T15:27:17 IST" name="demo" finished-at="2022-08-30T15:27:17 IST" duration-ms="5" status="PASS">
          <reporter-output>
          </reporter-output>
        </test-method> <!-- demo -->
      </class> <!-- Demo.Demo1 -->
      <class name="Demo.Demo4">
        <test-method signature="demo4()[pri:0, instance:Demo.Demo4@5d7148e2]" started-at="2022-08-30T15:27:17 IST" name="demo4" finished-at="2022-08-30T15:27:17 IST" duration-ms="1" status="PASS">
          <reporter-output>
          </reporter-output>
        </test-method> <!-- demo4 -->
      </class> <!-- Demo.Demo4 -->
      <class name="Demo.Demo2">
        <test-method signature="demo2()[pri:0, instance:Demo.Demo2@f5acb9d]" started-at="2022-08-30T15:27:17 IST" name="demo2" finished-at="2022-08-30T15:27:17 IST" duration-ms="6" status="PASS">
          <reporter-output>
          </reporter-output>
        </test-method> <!-- demo2 -->
      </class> <!-- Demo.Demo2 -->
      <class name="Demo.Demo3">
        <test-method signature="demo3()[pri:0, instance:Demo.Demo3@4fb3ee4e]" started-at="2022-08-30T15:27:17 IST" name="demo3" finished-at="2022-08-30T15:27:17 IST" duration-ms="1" status="PASS">
          <reporter-output>
          </reporter-output>
        </test-method> <!-- demo3 -->
      </class> <!-- Demo.Demo3 -->
    </test> <!-- Test -->
  </suite> <!-- Suite -->
</testng-results>
